zF_weather/build/outputs/logs/manifest-merger-debug-report.txt
-- Merging decision tree log ---
manifest
ADDED from src/main/AndroidManifest.xml:2:1-71:12
	package
		ADDED from src/main/AndroidManifest.xml:3:5-37
		INJECTED from src/main/AndroidManifest.xml
		INJECTED from src/main/AndroidManifest.xml
	android:versionName
		ADDED from src/main/AndroidManifest.xml:5:5-30
		INJECTED from src/main/AndroidManifest.xml
		INJECTED from src/main/AndroidManifest.xml
	android:versionCode
		ADDED from src/main/AndroidManifest.xml:4:5-28
		INJECTED from src/main/AndroidManifest.xml
		INJECTED from src/main/AndroidManifest.xml
	xmlns:android
		ADDED from src/main/AndroidManifest.xml:2:11-69
uses-sdk
ADDED from src/main/AndroidManifest.xml:7:5-9:41
	android:targetSdkVersion
		ADDED from src/main/AndroidManifest.xml:9:9-38
		INJECTED from src/main/AndroidManifest.xml
		INJECTED from src/main/AndroidManifest.xml
	android:minSdkVersion
		ADDED from src/main/AndroidManifest.xml:8:9-35
		INJECTED from src/main/AndroidManifest.xml
		INJECTED from src/main/AndroidManifest.xml
uses-permission#android.permission.INTERNET
ADDED from src/main/AndroidManifest.xml:11:5-66
	android:name
		ADDED from src/main/AndroidManifest.xml:11:22-64
uses-permission#android.permission.READ_EXTERNAL_STORAGE
ADDED from src/main/AndroidManifest.xml:13:5-79
	android:name
		ADDED from src/main/AndroidManifest.xml:13:22-77
uses-permission#android.permission.WRITE_EXTERNAL_STORAGE
ADDED from src/main/AndroidManifest.xml:14:5-80
	android:name
		ADDED from src/main/AndroidManifest.xml:14:22-78
uses-permission#android.permission.ACCESS_COARSE_LOCATION
ADDED from src/main/AndroidManifest.xml:16:5-80
	android:name
		ADDED from src/main/AndroidManifest.xml:16:22-78
uses-permission#android.permission.ACCESS_FINE_LOCATION
ADDED from src/main/AndroidManifest.xml:18:5-78
	android:name
		ADDED from src/main/AndroidManifest.xml:18:22-76
uses-permission#android.permission.ACCESS_WIFI_STATE
ADDED from src/main/AndroidManifest.xml:20:5-75
	android:name
		ADDED from src/main/AndroidManifest.xml:20:22-73
uses-permission#android.permission.ACCESS_NETWORK_STATE
ADDED from src/main/AndroidManifest.xml:22:5-78
	android:name
		ADDED from src/main/AndroidManifest.xml:22:22-76
uses-permission#android.permission.READ_PHONE_STATE
ADDED from src/main/AndroidManifest.xml:24:5-74
	android:name
		ADDED from src/main/AndroidManifest.xml:24:22-72
uses-permission#android.permission.CHANGE_WIFI_STATE
ADDED from src/main/AndroidManifest.xml:26:5-75
	android:name
		ADDED from src/main/AndroidManifest.xml:26:22-73
uses-permission#android.permission.MOUNT_UNMOUNT_FILESYSTEMS
ADDED from src/main/AndroidManifest.xml:28:5-83
	android:name
		ADDED from src/main/AndroidManifest.xml:28:22-81
uses-permission#android.permission.READ_LOGS
ADDED from src/main/AndroidManifest.xml:30:5-67
	android:name
		ADDED from src/main/AndroidManifest.xml:30:22-65
uses-permission#android.permission.WRITE_APN_SETTINGS
ADDED from src/main/AndroidManifest.xml:31:5-76
	android:name
		ADDED from src/main/AndroidManifest.xml:31:22-74
application
ADDED from src/main/AndroidManifest.xml:32:5-69:19
	android:label
		ADDED from src/main/AndroidManifest.xml:35:9-41
	android:allowBackup
		ADDED from src/main/AndroidManifest.xml:33:9-35
	android:icon
		ADDED from src/main/AndroidManifest.xml:34:9-45
	android:theme
		ADDED from src/main/AndroidManifest.xml:36:9-40
receiver#com.zhanfan.zf_weather.Weather
ADDED from src/main/AndroidManifest.xml:38:9-46:20
	android:name
		ADDED from src/main/AndroidManifest.xml:38:19-41
intent-filter#android.appwidget.action.APPWIDGET_UPDATE+android.intent.category.DEFAULT+com.zhanfanweather.click
ADDED from src/main/AndroidManifest.xml:39:13-43:29
action#android.appwidget.action.APPWIDGET_UPDATE
ADDED from src/main/AndroidManifest.xml:40:17-83
	android:name
		ADDED from src/main/AndroidManifest.xml:40:25-81
action#com.zhanfanweather.click
ADDED from src/main/AndroidManifest.xml:41:17-66
	android:name
		ADDED from src/main/AndroidManifest.xml:41:25-64
category#android.intent.category.DEFAULT
ADDED from src/main/AndroidManifest.xml:42:17-76
	android:name
		ADDED from src/main/AndroidManifest.xml:42:27-73
meta-data#android.appwidget.provider
ADDED from src/main/AndroidManifest.xml:44:13-108
	android:resource
		ADDED from src/main/AndroidManifest.xml:44:24-64
	android:name
		ADDED from src/main/AndroidManifest.xml:44:65-106
service#com.zhanfan.zf_weather.Updateservice
ADDED from src/main/AndroidManifest.xml:47:9-57
	android:name
		ADDED from src/main/AndroidManifest.xml:47:18-46
meta-data#com.amap.api.v2.apikey
ADDED from src/main/AndroidManifest.xml:49:9-51:64
	android:value
		ADDED from src/main/AndroidManifest.xml:51:13-61
	android:name
		ADDED from src/main/AndroidManifest.xml:50:13-50
service#com.amap.api.location.APSService
ADDED from src/main/AndroidManifest.xml:52:9-76
	android:name
		ADDED from src/main/AndroidManifest.xml:52:18-65
activity#com.zhanfan.zf_weather.Showweather
ADDED from src/main/AndroidManifest.xml:53:9-54:59
	android:screenOrientation
		ADDED from src/main/AndroidManifest.xml:54:11-47
	android:name
		ADDED from src/main/AndroidManifest.xml:53:19-45
activity#com.zhanfan.zf_weather.MainActivity
ADDED from src/main/AndroidManifest.xml:55:9-64:20
	android:screenOrientation
		ADDED from src/main/AndroidManifest.xml:57:11-47
	android:theme
		ADDED from src/main/AndroidManifest.xml:56:11-64
	android:name
		ADDED from src/main/AndroidManifest.xml:55:19-46
intent-filter#android.intent.action.MAIN+android.intent.category.LAUNCHER
ADDED from src/main/AndroidManifest.xml:58:11-62:29
action#android.intent.action.MAIN
ADDED from src/main/AndroidManifest.xml:59:17-69
	android:name
		ADDED from src/main/AndroidManifest.xml:59:25-66
category#android.intent.category.LAUNCHER
ADDED from src/main/AndroidManifest.xml:61:17-77
	android:name
		ADDED from src/main/AndroidManifest.xml:61:27-74
activity#com.zhanfan.zf_weather.tool.Searchcity
ADDED from src/main/AndroidManifest.xml:65:9-66:57
	android:screenOrientation
		ADDED from src/main/AndroidManifest.xml:66:9-45
	android:name
		ADDED from src/main/AndroidManifest.xml:65:19-50
activity#com.zhanfan.zf_weather.Citymanager
ADDED from src/main/AndroidManifest.xml:67:9-68:57
	android:screenOrientation
		ADDED from src/main/AndroidManifest.xml:68:9-45
	android:name
		ADDED from src/main/AndroidManifest.xml:67:19-45